============================= test session starts =============================
platform win32 -- Python 3.13.7, pytest-9.0.3, pluggy-1.6.0 -- C:\Users\dhyan\AppData\Local\Programs\Python\Python313\python.exe
cachedir: .pytest_cache
rootdir: C:\Users\dhyan\Desktop\majorcode
plugins: anyio-4.11.0, asyncio-1.3.0
asyncio: mode=Mode.STRICT, debug=False, asyncio_default_fixture_loop_scope=None, asyncio_default_test_loop_scope=function
collecting ... collected 2 items

phase2/tests/test_response_builder.py::test_missing_data_fallbacks PASSED [ 50%]
phase2/tests/test_response_builder.py::test_warnings_generated PASSED    [100%]

============================== warnings summary ===============================
phase2\models\intent.py:57
  C:\Users\dhyan\Desktop\majorcode\phase2\models\intent.py:57: PydanticDeprecatedSince20: Support for class-based `config` is deprecated, use ConfigDict instead. Deprecated in Pydantic V2.0 to be removed in V3.0. See Pydantic V2 Migration Guide at https://errors.pydantic.dev/2.12/migration/
    class IntentResult(BaseModel):

phase2\models\query_metadata.py:104
  C:\Users\dhyan\Desktop\majorcode\phase2\models\query_metadata.py:104: PydanticDeprecatedSince20: Support for class-based `config` is deprecated, use ConfigDict instead. Deprecated in Pydantic V2.0 to be removed in V3.0. See Pydantic V2 Migration Guide at https://errors.pydantic.dev/2.12/migration/
    class QueryMetadata(BaseModel):

phase2\models\query_context.py:133
  C:\Users\dhyan\Desktop\majorcode\phase2\models\query_context.py:133: PydanticDeprecatedSince20: Support for class-based `config` is deprecated, use ConfigDict instead. Deprecated in Pydantic V2.0 to be removed in V3.0. See Pydantic V2 Migration Guide at https://errors.pydantic.dev/2.12/migration/
    class QueryContext(BaseModel):

-- Docs: https://docs.pytest.org/en/stable/how-to/capture-warnings.html
======================== 2 passed, 3 warnings in 0.39s ========================
